<?xml version="1.0" encoding="UTF-8"?>
<testng-results total="2" passed="2" failed="0" skipped="0">
  <reporter-output>
  </reporter-output>
  <suite started-at="2022-11-15T07:51:26Z" name="Default suite" finished-at="2022-11-15T07:51:35Z" duration-ms="9042">
    <groups>
    </groups>
    <test started-at="2022-11-15T07:51:26Z" name="Default test" finished-at="2022-11-15T07:51:35Z" duration-ms="9042">
      <class name="Rest_testing.Trello_rest_assured">
        <test-method signature="get_tc2()[pri:0, instance:Rest_testing.Trello_rest_assured@7d898981]" started-at="2022-11-15T13:21:26Z" name="get_tc2" finished-at="2022-11-15T13:21:33Z" duration-ms="7311" status="PASS">
          <reporter-output>
          </reporter-output>
        </test-method> <!-- get_tc2 -->
        <test-method signature="get_tc3()[pri:0, instance:Rest_testing.Trello_rest_assured@7d898981]" started-at="2022-11-15T13:21:33Z" name="get_tc3" finished-at="2022-11-15T13:21:35Z" duration-ms="1696" status="PASS">
          <reporter-output>
          </reporter-output>
        </test-method> <!-- get_tc3 -->
      </class> <!-- Rest_testing.Trello_rest_assured -->
    </test> <!-- Default test -->
  </suite> <!-- Default suite -->
</testng-results>
